<?xml version="1.0" encoding="UTF-8"?>
<!-- Generated by org.testng.reporters.JUnitReportReporter -->
<testsuite hostname="ISU1SW002-PC" name="CMSBenz.BenzForgetPwd_TestCase" tests="3" failures="0" timestamp="4 Jul 2018 09:43:04 GMT" time="20.840" errors="0">
  <testcase name="forgetPasswordWithMailID_TCID_BNZ_FPWD001" time="4.030" classname="CMSBenz.BenzForgetPwd_TestCase"/>
  <testcase name="closeButton_TCID_BNZ_FPWD003" time="9.201" classname="CMSBenz.BenzForgetPwd_TestCase"/>
  <testcase name="forgetPasswordWithOutMailID_TCID_BNZ_FPWD002" time="7.609" classname="CMSBenz.BenzForgetPwd_TestCase"/>
</testsuite> <!-- CMSBenz.BenzForgetPwd_TestCase -->
