<?xml version="1.0" encoding="UTF-8"?>
<!-- Generated by org.testng.reporters.JUnitReportReporter -->
<testsuite hostname="ISU1SW002-PC" name="CMSBenz.Login" tests="2" failures="0" timestamp="26 Jun 2018 10:33:24 GMT" time="7.587" errors="0">
  <testcase name="testCase01" time="4.868" classname="CMSBenz.Login"/>
  <testcase name="testCase02" time="2.719" classname="CMSBenz.Login"/>
</testsuite> <!-- CMSBenz.Login -->
