<?xml version="1.0" encoding="UTF-8"?>
<!-- Generated by org.testng.reporters.JUnitReportReporter -->
<testsuite hostname="ISU1SW002-PC" name="CMSBenz.RegisterTestCases" tests="1" failures="0" timestamp="3 Jul 2018 10:16:06 GMT" time="8.302" errors="0">
  <testcase name="UserRegistration_UR_TC001" time="8.302" classname="CMSBenz.RegisterTestCases"/>
</testsuite> <!-- CMSBenz.RegisterTestCases -->
