<?xml version="1.0" encoding="UTF-8"?>
<!-- Generated by org.testng.reporters.JUnitReportReporter -->
<testsuite hostname="ISU1SW002-PC" name="CMSBenz.ChangePassword" tests="1" failures="0" timestamp="4 Jul 2018 10:21:45 GMT" time="0.009" errors="0">
  <testcase name="changePwd" time="0.009" classname="CMSBenz.ChangePassword"/>
</testsuite> <!-- CMSBenz.ChangePassword -->
