<?xml version="1.0" encoding="UTF-8"?>
<!-- Generated by org.testng.reporters.JUnitReportReporter -->
<testsuite hostname="ISU1SW002-PC" name="CMSBenz.BenzLogin_TestCase" tests="4" failures="0" timestamp="4 Jul 2018 09:43:04 GMT" time="47.239" errors="0">
  <testcase name="loginWithInValidUserName_TCID_BNZ_LIN002" time="12.061" classname="CMSBenz.BenzLogin_TestCase"/>
  <testcase name="loginWithEmptyCredentials_TCID_BNZ_LIN004" time="7.123" classname="CMSBenz.BenzLogin_TestCase"/>
  <testcase name="loginWithValidCredentials_TCID_BNZ_LIN001" time="12.996" classname="CMSBenz.BenzLogin_TestCase"/>
  <testcase name="loginWithInValidPassword_TCID_BNZ_LIN003" time="15.059" classname="CMSBenz.BenzLogin_TestCase"/>
</testsuite> <!-- CMSBenz.BenzLogin_TestCase -->
