<?xml version="1.0" encoding="UTF-8"?>
<!-- Generated by org.testng.reporters.JUnitReportReporter -->
<testsuite hostname="ISU1SW002-PC" name="CMSBenz.ForgetPassword" tests="3" failures="0" timestamp="4 Jul 2018 09:35:15 GMT" time="18.395" errors="0">
  <testcase name="forgetPasswordWithOutMailID_TCID_BNZ_FPWD002" time="7.102" classname="CMSBenz.ForgetPassword"/>
  <testcase name="forgetPasswordWithMailID_TCID_BNZ_FPWD001" time="2.717" classname="CMSBenz.ForgetPassword"/>
  <testcase name="closeButton_TCID_BNZ_FPWD003" time="8.576" classname="CMSBenz.ForgetPassword"/>
</testsuite> <!-- CMSBenz.ForgetPassword -->
